<?xml version="1.0" encoding="UTF-8" ?>
<testsuite tests="1" failures="0" name="com.ibm.microempresa.microempresa.AppTest" time="0.005" errors="0" skipped="0">
  <properties>
    <property name="java.runtime.name" value="Java(TM) SE Runtime Environment"/>
    <property name="sun.boot.library.path" value="C:\Program Files (x86)\Java\jre1.8.0_151\bin"/>
    <property name="java.vm.version" value="25.151-b12"/>
    <property name="user.country.format" value="CO"/>
    <property name="java.vm.vendor" value="Oracle Corporation"/>
    <property name="maven.multiModuleProjectDirectory" value="C:\Users\gobinfop8\Documents\workspace-sts-3.9.2.RELEASE\microempresa"/>
    <property name="java.vendor.url" value="http://java.oracle.com/"/>
    <property name="path.separator" value=";"/>
    <property name="guice.disable.misplaced.annotation.check" value="true"/>
    <property name="java.vm.name" value="Java HotSpot(TM) Client VM"/>
    <property name="file.encoding.pkg" value="sun.io"/>
    <property name="user.script" value=""/>
    <property name="user.country" value="US"/>
    <property name="sun.java.launcher" value="SUN_STANDARD"/>
    <property name="sun.os.patch.level" value=""/>
    <property name="java.vm.specification.name" value="Java Virtual Machine Specification"/>
    <property name="user.dir" value="C:\Users\gobinfop8\Documents\workspace-sts-3.9.2.RELEASE\microempresa"/>
    <property name="java.runtime.version" value="1.8.0_151-b12"/>
    <property name="java.awt.graphicsenv" value="sun.awt.Win32GraphicsEnvironment"/>
    <property name="java.endorsed.dirs" value="C:\Program Files (x86)\Java\jre1.8.0_151\lib\endorsed"/>
    <property name="os.arch" value="x86"/>
    <property name="java.io.tmpdir" value="C:\Users\GOBINF~1\AppData\Local\Temp\"/>
    <property name="line.separator" value="
"/>
    <property name="java.vm.specification.vendor" value="Oracle Corporation"/>
    <property name="user.variant" value=""/>
    <property name="os.name" value="Windows 10"/>
    <property name="classworlds.conf" value="C:\Users\gobinfop8\Documents\workspace-sts-3.9.2.RELEASE\.metadata\.plugins\org.eclipse.m2e.launching\launches\m2conf4722850016035594712.tmp"/>
    <property name="sun.jnu.encoding" value="Cp1252"/>
    <property name="java.library.path" value="C:\Program Files (x86)\Java\jre1.8.0_151\bin;C:\WINDOWS\Sun\Java\bin;C:\WINDOWS\system32;C:\WINDOWS;C:/Program Files (x86)/Java/jre1.8.0_151/bin/client;C:/Program Files (x86)/Java/jre1.8.0_151/bin;C:/Program Files (x86)/Java/jre1.8.0_151/lib/i386;C:\oraclexe\app\oracle\product\11.2.0\server\bin;C:\ProgramData\Oracle\Java\javapath;C:\WINDOWS\system32;C:\WINDOWS;C:\WINDOWS\System32\Wbem;C:\WINDOWS\System32\WindowsPowerShell\v1.0\;C:\Program Files\TortoiseSVN\bin;C:\Program Files\MicroStrategy\MicroStrategy Desktop\DataServices\180_77\64-bit\bin\server;C:\WINDOWS\system32,C:\Program Files\Java\jdk1.8.0_151\bin;C:\Users\Administrador\Downloads\gradle-3.5-all\gradle-3.5\bin;C:\Program Files\PuTTY\;C:\Program Files\Git\cmd;C:\Program Files\nodejs\;C:\Users\gobinfop8\AppData\Local\Microsoft\WindowsApps;C:\Users\gobinfop8\AppData\Roaming\npm;;C:\Users\gobinfop8\Downloads\sts-bundle\sts-3.9.2.RELEASE;;."/>
    <property name="java.specification.name" value="Java Platform API Specification"/>
    <property name="java.class.version" value="52.0"/>
    <property name="sun.management.compiler" value="HotSpot Client Compiler"/>
    <property name="os.version" value="10.0"/>
    <property name="user.home" value="C:\Users\gobinfop8"/>
    <property name="user.timezone" value="America/Bogota"/>
    <property name="java.awt.printerjob" value="sun.awt.windows.WPrinterJob"/>
    <property name="java.specification.version" value="1.8"/>
    <property name="file.encoding" value="Cp1252"/>
    <property name="user.name" value="GobInfoP8"/>
    <property name="java.class.path" value="C:\Users\gobinfop8\Downloads\sts-bundle\sts-3.9.2.RELEASE\plugins\org.eclipse.m2e.maven.runtime_1.8.2.20171007-0216\jars\plexus-classworlds-2.5.2.jar"/>
    <property name="java.vm.specification.version" value="1.8"/>
    <property name="sun.arch.data.model" value="32"/>
    <property name="java.home" value="C:\Program Files (x86)\Java\jre1.8.0_151"/>
    <property name="sun.java.command" value="org.codehaus.plexus.classworlds.launcher.Launcher -B install"/>
    <property name="java.specification.vendor" value="Oracle Corporation"/>
    <property name="user.language" value="en"/>
    <property name="user.language.format" value="es"/>
    <property name="awt.toolkit" value="sun.awt.windows.WToolkit"/>
    <property name="java.vm.info" value="mixed mode"/>
    <property name="java.version" value="1.8.0_151"/>
    <property name="java.ext.dirs" value="C:\Program Files (x86)\Java\jre1.8.0_151\lib\ext;C:\WINDOWS\Sun\Java\lib\ext"/>
    <property name="sun.boot.class.path" value="C:\Program Files (x86)\Java\jre1.8.0_151\lib\resources.jar;C:\Program Files (x86)\Java\jre1.8.0_151\lib\rt.jar;C:\Program Files (x86)\Java\jre1.8.0_151\lib\sunrsasign.jar;C:\Program Files (x86)\Java\jre1.8.0_151\lib\jsse.jar;C:\Program Files (x86)\Java\jre1.8.0_151\lib\jce.jar;C:\Program Files (x86)\Java\jre1.8.0_151\lib\charsets.jar;C:\Program Files (x86)\Java\jre1.8.0_151\lib\jfr.jar;C:\Program Files (x86)\Java\jre1.8.0_151\classes"/>
    <property name="java.vendor" value="Oracle Corporation"/>
    <property name="maven.home" value="C:\Users\gobinfop8\Documents\workspace-sts-3.9.2.RELEASE\microempresa\EMBEDDED"/>
    <property name="file.separator" value="\"/>
    <property name="java.vendor.url.bug" value="http://bugreport.sun.com/bugreport/"/>
    <property name="sun.cpu.endian" value="little"/>
    <property name="sun.io.unicode.encoding" value="UnicodeLittle"/>
    <property name="sun.desktop" value="windows"/>
    <property name="sun.cpu.isalist" value=""/>
  </properties>
  <testcase classname="com.ibm.microempresa.microempresa.AppTest" name="testApp" time="0.005"/>
</testsuite>